2025-01-11T00:23:32.174Z  INFO 9068 --- [toms] [MessageBroker-1] o.s.w.s.c.WebSocketMessageBrokerStats    : WebSocketSession[0 current WS(0)-HttpStream(0)-HttpPoll(0), 0 total, 0 closed abnormally (0 connect failure, 0 send limit, 0 transport error)], stompSubProtocol[processed CONNECT(0)-CONNECTED(0)-DISCONNECT(0)], stompBrokerRelay[null], inboundChannel[pool size = 0, active threads = 0, queued tasks = 0, completed tasks = 0], outboundChannel[pool size = 0, active threads = 0, queued tasks = 0, completed tasks = 0], sockJsScheduler[pool size = 4, active threads = 1, queued tasks = 0, completed tasks = 7]
2025-01-11T00:53:32.370Z  INFO 9068 --- [toms] [MessageBroker-1] o.s.w.s.c.WebSocketMessageBrokerStats    : WebSocketSession[0 current WS(0)-HttpStream(0)-HttpPoll(0), 0 total, 0 closed abnormally (0 connect failure, 0 send limit, 0 transport error)], stompSubProtocol[processed CONNECT(0)-CONNECTED(0)-DISCONNECT(0)], stompBrokerRelay[null], inboundChannel[pool size = 0, active threads = 0, queued tasks = 0, completed tasks = 0], outboundChannel[pool size = 0, active threads = 0, queued tasks = 0, completed tasks = 0], sockJsScheduler[pool size = 4, active threads = 1, queued tasks = 0, completed tasks = 8]
2025-01-11T01:23:32.542Z  INFO 9068 --- [toms] [MessageBroker-1] o.s.w.s.c.WebSocketMessageBrokerStats    : WebSocketSession[0 current WS(0)-HttpStream(0)-HttpPoll(0), 0 total, 0 closed abnormally (0 connect failure, 0 send limit, 0 transport error)], stompSubProtocol[processed CONNECT(0)-CONNECTED(0)-DISCONNECT(0)], stompBrokerRelay[null], inboundChannel[pool size = 0, active threads = 0, queued tasks = 0, completed tasks = 0], outboundChannel[pool size = 0, active threads = 0, queued tasks = 0, completed tasks = 0], sockJsScheduler[pool size = 4, active threads = 1, queued tasks = 0, completed tasks = 9]
2025-01-11T01:53:32.715Z  INFO 9068 --- [toms] [MessageBroker-1] o.s.w.s.c.WebSocketMessageBrokerStats    : WebSocketSession[0 current WS(0)-HttpStream(0)-HttpPoll(0), 0 total, 0 closed abnormally (0 connect failure, 0 send limit, 0 transport error)], stompSubProtocol[processed CONNECT(0)-CONNECTED(0)-DISCONNECT(0)], stompBrokerRelay[null], inboundChannel[pool size = 0, active threads = 0, queued tasks = 0, completed tasks = 0], outboundChannel[pool size = 0, active threads = 0, queued tasks = 0, completed tasks = 0], sockJsScheduler[pool size = 4, active threads = 1, queued tasks = 0, completed tasks = 10]
2025-01-11T02:23:32.886Z  INFO 9068 --- [toms] [MessageBroker-2] o.s.w.s.c.WebSocketMessageBrokerStats    : WebSocketSession[0 current WS(0)-HttpStream(0)-HttpPoll(0), 0 total, 0 closed abnormally (0 connect failure, 0 send limit, 0 transport error)], stompSubProtocol[processed CONNECT(0)-CONNECTED(0)-DISCONNECT(0)], stompBrokerRelay[null], inboundChannel[pool size = 0, active threads = 0, queued tasks = 0, completed tasks = 0], outboundChannel[pool size = 0, active threads = 0, queued tasks = 0, completed tasks = 0], sockJsScheduler[pool size = 4, active threads = 1, queued tasks = 0, completed tasks = 11]
2025-01-11T02:53:33.058Z  INFO 9068 --- [toms] [MessageBroker-2] o.s.w.s.c.WebSocketMessageBrokerStats    : WebSocketSession[0 current WS(0)-HttpStream(0)-HttpPoll(0), 0 total, 0 closed abnormally (0 connect failure, 0 send limit, 0 transport error)], stompSubProtocol[processed CONNECT(0)-CONNECTED(0)-DISCONNECT(0)], stompBrokerRelay[null], inboundChannel[pool size = 0, active threads = 0, queued tasks = 0, completed tasks = 0], outboundChannel[pool size = 0, active threads = 0, queued tasks = 0, completed tasks = 0], sockJsScheduler[pool size = 4, active threads = 1, queued tasks = 0, completed tasks = 12]
2025-01-11T03:23:33.228Z  INFO 9068 --- [toms] [MessageBroker-2] o.s.w.s.c.WebSocketMessageBrokerStats    : WebSocketSession[0 current WS(0)-HttpStream(0)-HttpPoll(0), 0 total, 0 closed abnormally (0 connect failure, 0 send limit, 0 transport error)], stompSubProtocol[processed CONNECT(0)-CONNECTED(0)-DISCONNECT(0)], stompBrokerRelay[null], inboundChannel[pool size = 0, active threads = 0, queued tasks = 0, completed tasks = 0], outboundChannel[pool size = 0, active threads = 0, queued tasks = 0, completed tasks = 0], sockJsScheduler[pool size = 4, active threads = 1, queued tasks = 0, completed tasks = 13]
2025-01-11T03:53:33.398Z  INFO 9068 --- [toms] [MessageBroker-2] o.s.w.s.c.WebSocketMessageBrokerStats    : WebSocketSession[0 current WS(0)-HttpStream(0)-HttpPoll(0), 0 total, 0 closed abnormally (0 connect failure, 0 send limit, 0 transport error)], stompSubProtocol[processed CONNECT(0)-CONNECTED(0)-DISCONNECT(0)], stompBrokerRelay[null], inboundChannel[pool size = 0, active threads = 0, queued tasks = 0, completed tasks = 0], outboundChannel[pool size = 0, active threads = 0, queued tasks = 0, completed tasks = 0], sockJsScheduler[pool size = 4, active threads = 1, queued tasks = 0, completed tasks = 14]
2025-01-11T04:23:33.569Z  INFO 9068 --- [toms] [MessageBroker-2] o.s.w.s.c.WebSocketMessageBrokerStats    : WebSocketSession[0 current WS(0)-HttpStream(0)-HttpPoll(0), 0 total, 0 closed abnormally (0 connect failure, 0 send limit, 0 transport error)], stompSubProtocol[processed CONNECT(0)-CONNECTED(0)-DISCONNECT(0)], stompBrokerRelay[null], inboundChannel[pool size = 0, active threads = 0, queued tasks = 0, completed tasks = 0], outboundChannel[pool size = 0, active threads = 0, queued tasks = 0, completed tasks = 0], sockJsScheduler[pool size = 4, active threads = 1, queued tasks = 0, completed tasks = 15]
2025-01-11T04:53:33.741Z  INFO 9068 --- [toms] [MessageBroker-2] o.s.w.s.c.WebSocketMessageBrokerStats    : WebSocketSession[0 current WS(0)-HttpStream(0)-HttpPoll(0), 0 total, 0 closed abnormally (0 connect failure, 0 send limit, 0 transport error)], stompSubProtocol[processed CONNECT(0)-CONNECTED(0)-DISCONNECT(0)], stompBrokerRelay[null], inboundChannel[pool size = 0, active threads = 0, queued tasks = 0, completed tasks = 0], outboundChannel[pool size = 0, active threads = 0, queued tasks = 0, completed tasks = 0], sockJsScheduler[pool size = 4, active threads = 1, queued tasks = 0, completed tasks = 16]
2025-01-11T05:23:33.910Z  INFO 9068 --- [toms] [MessageBroker-2] o.s.w.s.c.WebSocketMessageBrokerStats    : WebSocketSession[0 current WS(0)-HttpStream(0)-HttpPoll(0), 0 total, 0 closed abnormally (0 connect failure, 0 send limit, 0 transport error)], stompSubProtocol[processed CONNECT(0)-CONNECTED(0)-DISCONNECT(0)], stompBrokerRelay[null], inboundChannel[pool size = 0, active threads = 0, queued tasks = 0, completed tasks = 0], outboundChannel[pool size = 0, active threads = 0, queued tasks = 0, completed tasks = 0], sockJsScheduler[pool size = 4, active threads = 1, queued tasks = 0, completed tasks = 17]
2025-01-11T05:53:34.080Z  INFO 9068 --- [toms] [MessageBroker-2] o.s.w.s.c.WebSocketMessageBrokerStats    : WebSocketSession[0 current WS(0)-HttpStream(0)-HttpPoll(0), 0 total, 0 closed abnormally (0 connect failure, 0 send limit, 0 transport error)], stompSubProtocol[processed CONNECT(0)-CONNECTED(0)-DISCONNECT(0)], stompBrokerRelay[null], inboundChannel[pool size = 0, active threads = 0, queued tasks = 0, completed tasks = 0], outboundChannel[pool size = 0, active threads = 0, queued tasks = 0, completed tasks = 0], sockJsScheduler[pool size = 4, active threads = 1, queued tasks = 0, completed tasks = 18]
2025-01-11T06:23:34.251Z  INFO 9068 --- [toms] [MessageBroker-2] o.s.w.s.c.WebSocketMessageBrokerStats    : WebSocketSession[0 current WS(0)-HttpStream(0)-HttpPoll(0), 0 total, 0 closed abnormally (0 connect failure, 0 send limit, 0 transport error)], stompSubProtocol[processed CONNECT(0)-CONNECTED(0)-DISCONNECT(0)], stompBrokerRelay[null], inboundChannel[pool size = 0, active threads = 0, queued tasks = 0, completed tasks = 0], outboundChannel[pool size = 0, active threads = 0, queued tasks = 0, completed tasks = 0], sockJsScheduler[pool size = 4, active threads = 1, queued tasks = 0, completed tasks = 19]
2025-01-11T06:53:34.422Z  INFO 9068 --- [toms] [MessageBroker-2] o.s.w.s.c.WebSocketMessageBrokerStats    : WebSocketSession[0 current WS(0)-HttpStream(0)-HttpPoll(0), 0 total, 0 closed abnormally (0 connect failure, 0 send limit, 0 transport error)], stompSubProtocol[processed CONNECT(0)-CONNECTED(0)-DISCONNECT(0)], stompBrokerRelay[null], inboundChannel[pool size = 0, active threads = 0, queued tasks = 0, completed tasks = 0], outboundChannel[pool size = 0, active threads = 0, queued tasks = 0, completed tasks = 0], sockJsScheduler[pool size = 4, active threads = 1, queued tasks = 0, completed tasks = 20]
2025-01-11T07:23:34.592Z  INFO 9068 --- [toms] [MessageBroker-2] o.s.w.s.c.WebSocketMessageBrokerStats    : WebSocketSession[0 current WS(0)-HttpStream(0)-HttpPoll(0), 0 total, 0 closed abnormally (0 connect failure, 0 send limit, 0 transport error)], stompSubProtocol[processed CONNECT(0)-CONNECTED(0)-DISCONNECT(0)], stompBrokerRelay[null], inboundChannel[pool size = 0, active threads = 0, queued tasks = 0, completed tasks = 0], outboundChannel[pool size = 0, active threads = 0, queued tasks = 0, completed tasks = 0], sockJsScheduler[pool size = 4, active threads = 1, queued tasks = 0, completed tasks = 21]
2025-01-11T07:46:26.403Z  INFO 9068 --- [toms] [org.springframework.kafka.KafkaListenerEndpointContainer#0-0-C-1] k.c.c.i.ConsumerRebalanceListenerInvoker : [Consumer clientId=consumer-toms-group-1, groupId=toms-group] Revoke previously assigned partitions trades-0
2025-01-11T07:46:26.404Z  INFO 9068 --- [toms] [org.springframework.kafka.KafkaListenerEndpointContainer#1-0-C-1] k.c.c.i.ConsumerRebalanceListenerInvoker : [Consumer clientId=consumer-toms-group-2, groupId=toms-group] Revoke previously assigned partitions orders-0
2025-01-11T07:46:26.406Z  INFO 9068 --- [toms] [org.springframework.kafka.KafkaListenerEndpointContainer#0-0-C-1] o.s.k.l.KafkaMessageListenerContainer    : toms-group: partitions revoked: [trades-0]
2025-01-11T07:46:26.406Z  INFO 9068 --- [toms] [org.springframework.kafka.KafkaListenerEndpointContainer#1-0-C-1] o.s.k.l.KafkaMessageListenerContainer    : toms-group: partitions revoked: [orders-0]
2025-01-11T07:46:26.407Z  INFO 9068 --- [toms] [org.springframework.kafka.KafkaListenerEndpointContainer#0-0-C-1] o.a.k.c.c.internals.ConsumerCoordinator  : [Consumer clientId=consumer-toms-group-1, groupId=toms-group] Member consumer-toms-group-1-235154d5-0f2c-4298-8124-e65ddd530530 sending LeaveGroup request to coordinator host.docker.internal:9092 (id: 2147483647 rack: null) due to the consumer unsubscribed from all topics
2025-01-11T07:46:26.407Z  INFO 9068 --- [toms] [org.springframework.kafka.KafkaListenerEndpointContainer#1-0-C-1] o.a.k.c.c.internals.ConsumerCoordinator  : [Consumer clientId=consumer-toms-group-2, groupId=toms-group] Member consumer-toms-group-2-30cabd12-b01b-42e6-8dbe-2da7b4caefe3 sending LeaveGroup request to coordinator host.docker.internal:9092 (id: 2147483647 rack: null) due to the consumer unsubscribed from all topics
2025-01-11T07:46:26.410Z  INFO 9068 --- [toms] [org.springframework.kafka.KafkaListenerEndpointContainer#1-0-C-1] o.a.k.c.c.internals.ConsumerCoordinator  : [Consumer clientId=consumer-toms-group-2, groupId=toms-group] Resetting generation and member id due to: consumer pro-actively leaving the group
2025-01-11T07:46:26.410Z  INFO 9068 --- [toms] [org.springframework.kafka.KafkaListenerEndpointContainer#1-0-C-1] o.a.k.c.c.internals.ConsumerCoordinator  : [Consumer clientId=consumer-toms-group-2, groupId=toms-group] Request joining group due to: consumer pro-actively leaving the group
2025-01-11T07:46:26.410Z  INFO 9068 --- [toms] [org.springframework.kafka.KafkaListenerEndpointContainer#1-0-C-1] o.a.k.c.c.internals.LegacyKafkaConsumer  : [Consumer clientId=consumer-toms-group-2, groupId=toms-group] Unsubscribed all topics or patterns and assigned partitions
2025-01-11T07:46:26.411Z  INFO 9068 --- [toms] [org.springframework.kafka.KafkaListenerEndpointContainer#0-0-C-1] o.a.k.c.c.internals.ConsumerCoordinator  : [Consumer clientId=consumer-toms-group-1, groupId=toms-group] Resetting generation and member id due to: consumer pro-actively leaving the group
2025-01-11T07:46:26.411Z  INFO 9068 --- [toms] [org.springframework.kafka.KafkaListenerEndpointContainer#0-0-C-1] o.a.k.c.c.internals.ConsumerCoordinator  : [Consumer clientId=consumer-toms-group-1, groupId=toms-group] Request joining group due to: consumer pro-actively leaving the group
2025-01-11T07:46:26.412Z  INFO 9068 --- [toms] [org.springframework.kafka.KafkaListenerEndpointContainer#0-0-C-1] o.a.k.c.c.internals.LegacyKafkaConsumer  : [Consumer clientId=consumer-toms-group-1, groupId=toms-group] Unsubscribed all topics or patterns and assigned partitions
2025-01-11T07:46:26.417Z  INFO 9068 --- [toms] [org.springframework.kafka.KafkaListenerEndpointContainer#0-0-C-1] o.a.k.c.c.internals.ConsumerCoordinator  : [Consumer clientId=consumer-toms-group-1, groupId=toms-group] Resetting generation and member id due to: consumer pro-actively leaving the group
2025-01-11T07:46:26.418Z  INFO 9068 --- [toms] [org.springframework.kafka.KafkaListenerEndpointContainer#0-0-C-1] o.a.k.c.c.internals.ConsumerCoordinator  : [Consumer clientId=consumer-toms-group-1, groupId=toms-group] Request joining group due to: consumer pro-actively leaving the group
2025-01-11T07:46:26.418Z  INFO 9068 --- [toms] [org.springframework.kafka.KafkaListenerEndpointContainer#1-0-C-1] o.a.k.c.c.internals.ConsumerCoordinator  : [Consumer clientId=consumer-toms-group-2, groupId=toms-group] Resetting generation and member id due to: consumer pro-actively leaving the group
2025-01-11T07:46:26.418Z  INFO 9068 --- [toms] [org.springframework.kafka.KafkaListenerEndpointContainer#1-0-C-1] o.a.k.c.c.internals.ConsumerCoordinator  : [Consumer clientId=consumer-toms-group-2, groupId=toms-group] Request joining group due to: consumer pro-actively leaving the group
2025-01-11T07:46:26.787Z  INFO 9068 --- [toms] [org.springframework.kafka.KafkaListenerEndpointContainer#0-0-C-1] o.apache.kafka.common.metrics.Metrics    : Metrics scheduler closed
2025-01-11T07:46:26.787Z  INFO 9068 --- [toms] [org.springframework.kafka.KafkaListenerEndpointContainer#1-0-C-1] o.apache.kafka.common.metrics.Metrics    : Metrics scheduler closed
2025-01-11T07:46:26.787Z  INFO 9068 --- [toms] [org.springframework.kafka.KafkaListenerEndpointContainer#1-0-C-1] o.apache.kafka.common.metrics.Metrics    : Closing reporter org.apache.kafka.common.metrics.JmxReporter
2025-01-11T07:46:26.787Z  INFO 9068 --- [toms] [org.springframework.kafka.KafkaListenerEndpointContainer#0-0-C-1] o.apache.kafka.common.metrics.Metrics    : Closing reporter org.apache.kafka.common.metrics.JmxReporter
2025-01-11T07:46:26.788Z  INFO 9068 --- [toms] [org.springframework.kafka.KafkaListenerEndpointContainer#1-0-C-1] o.apache.kafka.common.metrics.Metrics    : Closing reporter org.apache.kafka.common.telemetry.internals.ClientTelemetryReporter
2025-01-11T07:46:26.788Z  INFO 9068 --- [toms] [org.springframework.kafka.KafkaListenerEndpointContainer#0-0-C-1] o.apache.kafka.common.metrics.Metrics    : Closing reporter org.apache.kafka.common.telemetry.internals.ClientTelemetryReporter
2025-01-11T07:46:26.788Z  INFO 9068 --- [toms] [org.springframework.kafka.KafkaListenerEndpointContainer#1-0-C-1] o.apache.kafka.common.metrics.Metrics    : Metrics reporters closed
2025-01-11T07:46:26.788Z  INFO 9068 --- [toms] [org.springframework.kafka.KafkaListenerEndpointContainer#0-0-C-1] o.apache.kafka.common.metrics.Metrics    : Metrics reporters closed
2025-01-11T07:46:26.801Z  INFO 9068 --- [toms] [org.springframework.kafka.KafkaListenerEndpointContainer#0-0-C-1] o.a.kafka.common.utils.AppInfoParser     : App info kafka.consumer for consumer-toms-group-1 unregistered
2025-01-11T07:46:26.803Z  INFO 9068 --- [toms] [org.springframework.kafka.KafkaListenerEndpointContainer#1-0-C-1] o.a.kafka.common.utils.AppInfoParser     : App info kafka.consumer for consumer-toms-group-2 unregistered
2025-01-11T07:46:26.803Z  INFO 9068 --- [toms] [org.springframework.kafka.KafkaListenerEndpointContainer#0-0-C-1] o.s.k.l.KafkaMessageListenerContainer    : toms-group: Consumer stopped
2025-01-11T07:46:26.804Z  INFO 9068 --- [toms] [org.springframework.kafka.KafkaListenerEndpointContainer#1-0-C-1] o.s.k.l.KafkaMessageListenerContainer    : toms-group: Consumer stopped
2025-01-11T07:46:26.810Z  INFO 9068 --- [toms] [SpringApplicationShutdownHook] o.s.b.w.e.tomcat.GracefulShutdown        : Commencing graceful shutdown. Waiting for active requests to complete
2025-01-11T07:46:26.854Z  INFO 9068 --- [toms] [tomcat-shutdown] o.s.b.w.e.tomcat.GracefulShutdown        : Graceful shutdown complete
2025-01-11T07:46:26.867Z DEBUG 9068 --- [toms] [SpringApplicationShutdownHook] org.springframework.web.SimpLogging      : clientOutboundChannel removed SubProtocolWebSocketHandler[StompSubProtocolHandler[v10.stomp, v11.stomp, v12.stomp]]
2025-01-11T07:46:26.868Z DEBUG 9068 --- [toms] [SpringApplicationShutdownHook] org.springframework.web.SimpLogging      : clientInboundChannel removed WebSocketAnnotationMethodMessageHandler[prefixes=[/app/]]
2025-01-11T07:46:26.869Z  INFO 9068 --- [toms] [SpringApplicationShutdownHook] o.s.m.s.b.SimpleBrokerMessageHandler     : Stopping...
2025-01-11T07:46:26.870Z  INFO 9068 --- [toms] [SpringApplicationShutdownHook] o.s.m.s.b.SimpleBrokerMessageHandler     : BrokerAvailabilityEvent[available=false, SimpleBrokerMessageHandler [org.springframework.messaging.simp.broker.DefaultSubscriptionRegistry@6ff879e5]]
2025-01-11T07:46:26.871Z DEBUG 9068 --- [toms] [SpringApplicationShutdownHook] org.springframework.web.SimpLogging      : clientInboundChannel removed SimpleBrokerMessageHandler [org.springframework.messaging.simp.broker.DefaultSubscriptionRegistry@6ff879e5]
2025-01-11T07:46:26.871Z DEBUG 9068 --- [toms] [SpringApplicationShutdownHook] org.springframework.web.SimpLogging      : brokerChannel removed SimpleBrokerMessageHandler [org.springframework.messaging.simp.broker.DefaultSubscriptionRegistry@6ff879e5]
2025-01-11T07:46:26.872Z  INFO 9068 --- [toms] [SpringApplicationShutdownHook] o.s.m.s.b.SimpleBrokerMessageHandler     : Stopped.
2025-01-11T07:46:26.872Z DEBUG 9068 --- [toms] [SpringApplicationShutdownHook] org.springframework.web.SimpLogging      : clientInboundChannel removed UserDestinationMessageHandler[DefaultUserDestinationResolver[prefix=/user/]]
2025-01-11T07:46:26.873Z DEBUG 9068 --- [toms] [SpringApplicationShutdownHook] org.springframework.web.SimpLogging      : brokerChannel removed UserDestinationMessageHandler[DefaultUserDestinationResolver[prefix=/user/]]
2025-01-11T07:46:26.919Z  INFO 9068 --- [toms] [SpringApplicationShutdownHook] j.LocalContainerEntityManagerFactoryBean : Closing JPA EntityManagerFactory for persistence unit 'default'
2025-01-11T07:46:26.967Z  INFO 9068 --- [toms] [SpringApplicationShutdownHook] com.zaxxer.hikari.HikariDataSource       : HikariPool-1 - Shutdown initiated...
2025-01-11T07:46:26.981Z  INFO 9068 --- [toms] [SpringApplicationShutdownHook] com.zaxxer.hikari.HikariDataSource       : HikariPool-1 - Shutdown completed.
2025-01-11T07:46:46.517Z  INFO 1728 --- [toms] [main] .TradingOrderManagementSystemApplication : Starting TradingOrderManagementSystemApplication using Java 17.0.12 with PID 1728 (C:\Projects\toms\target\classes started by shuvo151dey in C:\Projects\toms)
2025-01-11T07:46:46.524Z  INFO 1728 --- [toms] [main] .TradingOrderManagementSystemApplication : No active profile set, falling back to 1 default profile: "default"
2025-01-11T07:46:47.798Z  INFO 1728 --- [toms] [main] .s.d.r.c.RepositoryConfigurationDelegate : Multiple Spring Data modules found, entering strict repository configuration mode
2025-01-11T07:46:47.801Z  INFO 1728 --- [toms] [main] .s.d.r.c.RepositoryConfigurationDelegate : Bootstrapping Spring Data JPA repositories in DEFAULT mode.
2025-01-11T07:46:48.085Z  INFO 1728 --- [toms] [main] .s.d.r.c.RepositoryConfigurationDelegate : Finished Spring Data repository scanning in 267 ms. Found 2 JPA repository interfaces.
2025-01-11T07:46:48.115Z  INFO 1728 --- [toms] [main] .s.d.r.c.RepositoryConfigurationDelegate : Multiple Spring Data modules found, entering strict repository configuration mode
2025-01-11T07:46:48.118Z  INFO 1728 --- [toms] [main] .s.d.r.c.RepositoryConfigurationDelegate : Bootstrapping Spring Data Redis repositories in DEFAULT mode.
2025-01-11T07:46:48.147Z  INFO 1728 --- [toms] [main] .RepositoryConfigurationExtensionSupport : Spring Data Redis - Could not safely identify store assignment for repository candidate interface tech.smdey.toms.repository.OrderRepository; If you want this repository to be a Redis repository, consider annotating your entities with one of these annotations: org.springframework.data.redis.core.RedisHash (preferred), or consider extending one of the following types with your repository: org.springframework.data.keyvalue.repository.KeyValueRepository
2025-01-11T07:46:48.149Z  INFO 1728 --- [toms] [main] .RepositoryConfigurationExtensionSupport : Spring Data Redis - Could not safely identify store assignment for repository candidate interface tech.smdey.toms.repository.TradeRepository; If you want this repository to be a Redis repository, consider annotating your entities with one of these annotations: org.springframework.data.redis.core.RedisHash (preferred), or consider extending one of the following types with your repository: org.springframework.data.keyvalue.repository.KeyValueRepository
2025-01-11T07:46:48.150Z  INFO 1728 --- [toms] [main] .s.d.r.c.RepositoryConfigurationDelegate : Finished Spring Data repository scanning in 13 ms. Found 0 Redis repository interfaces.
2025-01-11T07:46:49.062Z  INFO 1728 --- [toms] [main] o.s.b.w.embedded.tomcat.TomcatWebServer  : Tomcat initialized with port 8080 (http)
2025-01-11T07:46:49.087Z  INFO 1728 --- [toms] [main] o.apache.catalina.core.StandardService   : Starting service [Tomcat]
2025-01-11T07:46:49.089Z  INFO 1728 --- [toms] [main] o.apache.catalina.core.StandardEngine    : Starting Servlet engine: [Apache Tomcat/10.1.34]
2025-01-11T07:46:49.203Z  INFO 1728 --- [toms] [main] o.a.c.c.C.[Tomcat].[localhost].[/]       : Initializing Spring embedded WebApplicationContext
2025-01-11T07:46:49.206Z  INFO 1728 --- [toms] [main] w.s.c.ServletWebServerApplicationContext : Root WebApplicationContext: initialization completed in 2584 ms
2025-01-11T07:46:49.473Z  INFO 1728 --- [toms] [main] o.hibernate.jpa.internal.util.LogHelper  : HHH000204: Processing PersistenceUnitInfo [name: default]
2025-01-11T07:46:49.587Z  INFO 1728 --- [toms] [main] org.hibernate.Version                    : HHH000412: Hibernate ORM core version 6.6.4.Final
2025-01-11T07:46:49.652Z  INFO 1728 --- [toms] [main] o.h.c.internal.RegionFactoryInitiator    : HHH000026: Second-level cache disabled
2025-01-11T07:46:50.116Z  INFO 1728 --- [toms] [main] o.s.o.j.p.SpringPersistenceUnitInfo      : No LoadTimeWeaver setup: ignoring JPA class transformer
2025-01-11T07:46:50.182Z  INFO 1728 --- [toms] [main] com.zaxxer.hikari.HikariDataSource       : HikariPool-1 - Starting...
2025-01-11T07:46:50.574Z  INFO 1728 --- [toms] [main] com.zaxxer.hikari.pool.HikariPool        : HikariPool-1 - Added connection org.postgresql.jdbc.PgConnection@3dd2b9c1
2025-01-11T07:46:50.577Z  INFO 1728 --- [toms] [main] com.zaxxer.hikari.HikariDataSource       : HikariPool-1 - Start completed.
2025-01-11T07:46:50.638Z  WARN 1728 --- [toms] [main] org.hibernate.orm.deprecation            : HHH90000025: PostgreSQLDialect does not need to be specified explicitly using 'hibernate.dialect' (remove the property setting and it will be selected by default)
2025-01-11T07:46:50.673Z  INFO 1728 --- [toms] [main] org.hibernate.orm.connections.pooling    : HHH10001005: Database info:
	Database JDBC URL [Connecting through datasource 'HikariDataSource (HikariPool-1)']
	Database driver: undefined/unknown
	Database version: 17.2
	Autocommit mode: undefined/unknown
	Isolation level: undefined/unknown
	Minimum pool size: undefined/unknown
	Maximum pool size: undefined/unknown
2025-01-11T07:46:52.212Z  INFO 1728 --- [toms] [main] o.h.e.t.j.p.i.JtaPlatformInitiator       : HHH000489: No JTA platform available (set 'hibernate.transaction.jta.platform' to enable JTA platform integration)
2025-01-11T07:46:52.402Z  INFO 1728 --- [toms] [main] j.LocalContainerEntityManagerFactoryBean : Initialized JPA EntityManagerFactory for persistence unit 'default'
2025-01-11T07:46:53.055Z  INFO 1728 --- [toms] [main] o.s.d.j.r.query.QueryEnhancerFactory     : Hibernate is in classpath; If applicable, HQL parser will be used.
2025-01-11T07:46:54.459Z DEBUG 1728 --- [toms] [main] o.s.w.s.s.s.WebSocketHandlerMapping      : Patterns [/ws/**] in 'stompWebSocketHandlerMapping'
2025-01-11T07:46:54.510Z  WARN 1728 --- [toms] [main] JpaBaseConfiguration$JpaWebConfiguration : spring.jpa.open-in-view is enabled by default. Therefore, database queries may be performed during view rendering. Explicitly configure spring.jpa.open-in-view to disable this warning
2025-01-11T07:46:54.537Z  INFO 1728 --- [toms] [main] o.s.v.b.OptionalValidatorFactoryBean     : Failed to set up a Bean Validation provider: jakarta.validation.NoProviderFoundException: Unable to create a Configuration, because no Jakarta Bean Validation provider could be found. Add a provider like Hibernate Validator (RI) to your classpath.
2025-01-11T07:46:54.593Z DEBUG 1728 --- [toms] [main] .WebSocketAnnotationMethodMessageHandler : 
	t.s.t.c.HelloController:
	
2025-01-11T07:46:54.594Z DEBUG 1728 --- [toms] [main] .WebSocketAnnotationMethodMessageHandler : 
	t.s.t.c.MatchingController:
	
2025-01-11T07:46:54.596Z DEBUG 1728 --- [toms] [main] .WebSocketAnnotationMethodMessageHandler : 
	t.s.t.c.OrderController:
	
2025-01-11T07:46:54.597Z DEBUG 1728 --- [toms] [main] .WebSocketAnnotationMethodMessageHandler : 
	t.s.t.c.TradeController:
	
2025-01-11T07:46:54.604Z DEBUG 1728 --- [toms] [main] .WebSocketAnnotationMethodMessageHandler : 
	o.s.b.a.w.s.e.BasicErrorController:
	
2025-01-11T07:46:54.760Z DEBUG 1728 --- [toms] [main] s.w.s.m.m.a.RequestMappingHandlerMapping : 11 mappings in 'requestMappingHandlerMapping'
2025-01-11T07:46:54.835Z DEBUG 1728 --- [toms] [main] o.s.w.s.handler.SimpleUrlHandlerMapping  : Patterns [/webjars/**, /**] in 'resourceHandlerMapping'
2025-01-11T07:46:54.874Z DEBUG 1728 --- [toms] [main] s.w.s.m.m.a.RequestMappingHandlerAdapter : ControllerAdvice beans: 0 @ModelAttribute, 0 @InitBinder, 1 RequestBodyAdvice, 1 ResponseBodyAdvice
2025-01-11T07:46:54.965Z DEBUG 1728 --- [toms] [main] .m.m.a.ExceptionHandlerExceptionResolver : ControllerAdvice beans: 0 @ExceptionHandler, 1 ResponseBodyAdvice
2025-01-11T07:46:55.292Z DEBUG 1728 --- [toms] [main] org.springframework.web.SimpLogging      : clientOutboundChannel added SubProtocolWebSocketHandler[StompSubProtocolHandler[v10.stomp, v11.stomp, v12.stomp]]
2025-01-11T07:46:55.293Z DEBUG 1728 --- [toms] [main] org.springframework.web.SimpLogging      : clientInboundChannel added WebSocketAnnotationMethodMessageHandler[prefixes=[/app/]]
2025-01-11T07:46:55.294Z  INFO 1728 --- [toms] [main] o.s.m.s.b.SimpleBrokerMessageHandler     : Starting...
2025-01-11T07:46:55.295Z DEBUG 1728 --- [toms] [main] org.springframework.web.SimpLogging      : clientInboundChannel added SimpleBrokerMessageHandler [org.springframework.messaging.simp.broker.DefaultSubscriptionRegistry@6434827e]
2025-01-11T07:46:55.296Z DEBUG 1728 --- [toms] [main] org.springframework.web.SimpLogging      : brokerChannel added SimpleBrokerMessageHandler [org.springframework.messaging.simp.broker.DefaultSubscriptionRegistry@6434827e]
2025-01-11T07:46:55.298Z  INFO 1728 --- [toms] [main] o.s.m.s.b.SimpleBrokerMessageHandler     : BrokerAvailabilityEvent[available=true, SimpleBrokerMessageHandler [org.springframework.messaging.simp.broker.DefaultSubscriptionRegistry@6434827e]]
2025-01-11T07:46:55.301Z  INFO 1728 --- [toms] [main] o.s.m.s.b.SimpleBrokerMessageHandler     : Started.
2025-01-11T07:46:55.302Z DEBUG 1728 --- [toms] [main] org.springframework.web.SimpLogging      : clientInboundChannel added UserDestinationMessageHandler[DefaultUserDestinationResolver[prefix=/user/]]
2025-01-11T07:46:55.303Z DEBUG 1728 --- [toms] [main] org.springframework.web.SimpLogging      : brokerChannel added UserDestinationMessageHandler[DefaultUserDestinationResolver[prefix=/user/]]
2025-01-11T07:46:55.378Z  INFO 1728 --- [toms] [main] o.s.b.w.embedded.tomcat.TomcatWebServer  : Tomcat started on port 8080 (http) with context path '/'
2025-01-11T07:46:55.450Z  INFO 1728 --- [toms] [main] o.a.k.clients.consumer.ConsumerConfig    : ConsumerConfig values: 
	allow.auto.create.topics = true
	auto.commit.interval.ms = 5000
	auto.include.jmx.reporter = true
	auto.offset.reset = latest
	bootstrap.servers = [localhost:9092]
	check.crcs = true
	client.dns.lookup = use_all_dns_ips
	client.id = consumer-toms-group-1
	client.rack = 
	connections.max.idle.ms = 540000
	default.api.timeout.ms = 60000
	enable.auto.commit = false
	enable.metrics.push = true
	exclude.internal.topics = true
	fetch.max.bytes = 52428800
	fetch.max.wait.ms = 500
	fetch.min.bytes = 1
	group.id = toms-group
	group.instance.id = null
	group.protocol = classic
	group.remote.assignor = null
	heartbeat.interval.ms = 3000
	interceptor.classes = []
	internal.leave.group.on.close = true
	internal.throw.on.fetch.stable.offset.unsupported = false
	isolation.level = read_uncommitted
	key.deserializer = class org.apache.kafka.common.serialization.StringDeserializer
	max.partition.fetch.bytes = 1048576
	max.poll.interval.ms = 300000
	max.poll.records = 500
	metadata.max.age.ms = 300000
	metadata.recovery.strategy = none
	metric.reporters = []
	metrics.num.samples = 2
	metrics.recording.level = INFO
	metrics.sample.window.ms = 30000
	partition.assignment.strategy = [class org.apache.kafka.clients.consumer.RangeAssignor, class org.apache.kafka.clients.consumer.CooperativeStickyAssignor]
	receive.buffer.bytes = 65536
	reconnect.backoff.max.ms = 1000
	reconnect.backoff.ms = 50
	request.timeout.ms = 30000
	retry.backoff.max.ms = 1000
	retry.backoff.ms = 100
	sasl.client.callback.handler.class = null
	sasl.jaas.config = null
	sasl.kerberos.kinit.cmd = /usr/bin/kinit
	sasl.kerberos.min.time.before.relogin = 60000
	sasl.kerberos.service.name = null
	sasl.kerberos.ticket.renew.jitter = 0.05
	sasl.kerberos.ticket.renew.window.factor = 0.8
	sasl.login.callback.handler.class = null
	sasl.login.class = null
	sasl.login.connect.timeout.ms = null
	sasl.login.read.timeout.ms = null
	sasl.login.refresh.buffer.seconds = 300
	sasl.login.refresh.min.period.seconds = 60
	sasl.login.refresh.window.factor = 0.8
	sasl.login.refresh.window.jitter = 0.05
	sasl.login.retry.backoff.max.ms = 10000
	sasl.login.retry.backoff.ms = 100
	sasl.mechanism = GSSAPI
	sasl.oauthbearer.clock.skew.seconds = 30
	sasl.oauthbearer.expected.audience = null
	sasl.oauthbearer.expected.issuer = null
	sasl.oauthbearer.jwks.endpoint.refresh.ms = 3600000
	sasl.oauthbearer.jwks.endpoint.retry.backoff.max.ms = 10000
	sasl.oauthbearer.jwks.endpoint.retry.backoff.ms = 100
	sasl.oauthbearer.jwks.endpoint.url = null
	sasl.oauthbearer.scope.claim.name = scope
	sasl.oauthbearer.sub.claim.name = sub
	sasl.oauthbearer.token.endpoint.url = null
	security.protocol = PLAINTEXT
	security.providers = null
	send.buffer.bytes = 131072
	session.timeout.ms = 45000
	socket.connection.setup.timeout.max.ms = 30000
	socket.connection.setup.timeout.ms = 10000
	ssl.cipher.suites = null
	ssl.enabled.protocols = [TLSv1.2, TLSv1.3]
	ssl.endpoint.identification.algorithm = https
	ssl.engine.factory.class = null
	ssl.key.password = null
	ssl.keymanager.algorithm = SunX509
	ssl.keystore.certificate.chain = null
	ssl.keystore.key = null
	ssl.keystore.location = null
	ssl.keystore.password = null
	ssl.keystore.type = JKS
	ssl.protocol = TLSv1.3
	ssl.provider = null
	ssl.secure.random.implementation = null
	ssl.trustmanager.algorithm = PKIX
	ssl.truststore.certificates = null
	ssl.truststore.location = null
	ssl.truststore.password = null
	ssl.truststore.type = JKS
	value.deserializer = class org.apache.kafka.common.serialization.StringDeserializer

2025-01-11T07:46:55.535Z  INFO 1728 --- [toms] [main] o.a.k.c.t.i.KafkaMetricsCollector        : initializing Kafka metrics collector
2025-01-11T07:46:55.749Z  INFO 1728 --- [toms] [main] o.a.kafka.common.utils.AppInfoParser     : Kafka version: 3.8.1
2025-01-11T07:46:55.750Z  INFO 1728 --- [toms] [main] o.a.kafka.common.utils.AppInfoParser     : Kafka commitId: 70d6ff42debf7e17
2025-01-11T07:46:55.750Z  INFO 1728 --- [toms] [main] o.a.kafka.common.utils.AppInfoParser     : Kafka startTimeMs: 1736581615747
2025-01-11T07:46:55.758Z  INFO 1728 --- [toms] [main] o.a.k.c.c.internals.LegacyKafkaConsumer  : [Consumer clientId=consumer-toms-group-1, groupId=toms-group] Subscribed to topic(s): orders
2025-01-11T07:46:55.779Z  INFO 1728 --- [toms] [main] o.a.k.clients.consumer.ConsumerConfig    : ConsumerConfig values: 
	allow.auto.create.topics = true
	auto.commit.interval.ms = 5000
	auto.include.jmx.reporter = true
	auto.offset.reset = latest
	bootstrap.servers = [localhost:9092]
	check.crcs = true
	client.dns.lookup = use_all_dns_ips
	client.id = consumer-toms-group-2
	client.rack = 
	connections.max.idle.ms = 540000
	default.api.timeout.ms = 60000
	enable.auto.commit = false
	enable.metrics.push = true
	exclude.internal.topics = true
	fetch.max.bytes = 52428800
	fetch.max.wait.ms = 500
	fetch.min.bytes = 1
	group.id = toms-group
	group.instance.id = null
	group.protocol = classic
	group.remote.assignor = null
	heartbeat.interval.ms = 3000
	interceptor.classes = []
	internal.leave.group.on.close = true
	internal.throw.on.fetch.stable.offset.unsupported = false
	isolation.level = read_uncommitted
	key.deserializer = class org.apache.kafka.common.serialization.StringDeserializer
	max.partition.fetch.bytes = 1048576
	max.poll.interval.ms = 300000
	max.poll.records = 500
	metadata.max.age.ms = 300000
	metadata.recovery.strategy = none
	metric.reporters = []
	metrics.num.samples = 2
	metrics.recording.level = INFO
	metrics.sample.window.ms = 30000
	partition.assignment.strategy = [class org.apache.kafka.clients.consumer.RangeAssignor, class org.apache.kafka.clients.consumer.CooperativeStickyAssignor]
	receive.buffer.bytes = 65536
	reconnect.backoff.max.ms = 1000
	reconnect.backoff.ms = 50
	request.timeout.ms = 30000
	retry.backoff.max.ms = 1000
	retry.backoff.ms = 100
	sasl.client.callback.handler.class = null
	sasl.jaas.config = null
	sasl.kerberos.kinit.cmd = /usr/bin/kinit
	sasl.kerberos.min.time.before.relogin = 60000
	sasl.kerberos.service.name = null
	sasl.kerberos.ticket.renew.jitter = 0.05
	sasl.kerberos.ticket.renew.window.factor = 0.8
	sasl.login.callback.handler.class = null
	sasl.login.class = null
	sasl.login.connect.timeout.ms = null
	sasl.login.read.timeout.ms = null
	sasl.login.refresh.buffer.seconds = 300
	sasl.login.refresh.min.period.seconds = 60
	sasl.login.refresh.window.factor = 0.8
	sasl.login.refresh.window.jitter = 0.05
	sasl.login.retry.backoff.max.ms = 10000
	sasl.login.retry.backoff.ms = 100
	sasl.mechanism = GSSAPI
	sasl.oauthbearer.clock.skew.seconds = 30
	sasl.oauthbearer.expected.audience = null
	sasl.oauthbearer.expected.issuer = null
	sasl.oauthbearer.jwks.endpoint.refresh.ms = 3600000
	sasl.oauthbearer.jwks.endpoint.retry.backoff.max.ms = 10000
	sasl.oauthbearer.jwks.endpoint.retry.backoff.ms = 100
	sasl.oauthbearer.jwks.endpoint.url = null
	sasl.oauthbearer.scope.claim.name = scope
	sasl.oauthbearer.sub.claim.name = sub
	sasl.oauthbearer.token.endpoint.url = null
	security.protocol = PLAINTEXT
	security.providers = null
	send.buffer.bytes = 131072
	session.timeout.ms = 45000
	socket.connection.setup.timeout.max.ms = 30000
	socket.connection.setup.timeout.ms = 10000
	ssl.cipher.suites = null
	ssl.enabled.protocols = [TLSv1.2, TLSv1.3]
	ssl.endpoint.identification.algorithm = https
	ssl.engine.factory.class = null
	ssl.key.password = null
	ssl.keymanager.algorithm = SunX509
	ssl.keystore.certificate.chain = null
	ssl.keystore.key = null
	ssl.keystore.location = null
	ssl.keystore.password = null
	ssl.keystore.type = JKS
	ssl.protocol = TLSv1.3
	ssl.provider = null
	ssl.secure.random.implementation = null
	ssl.trustmanager.algorithm = PKIX
	ssl.truststore.certificates = null
	ssl.truststore.location = null
	ssl.truststore.password = null
	ssl.truststore.type = JKS
	value.deserializer = class org.apache.kafka.common.serialization.StringDeserializer

2025-01-11T07:46:55.783Z  INFO 1728 --- [toms] [main] o.a.k.c.t.i.KafkaMetricsCollector        : initializing Kafka metrics collector
2025-01-11T07:46:55.823Z  INFO 1728 --- [toms] [main] o.a.kafka.common.utils.AppInfoParser     : Kafka version: 3.8.1
2025-01-11T07:46:55.824Z  INFO 1728 --- [toms] [main] o.a.kafka.common.utils.AppInfoParser     : Kafka commitId: 70d6ff42debf7e17
2025-01-11T07:46:55.825Z  INFO 1728 --- [toms] [main] o.a.kafka.common.utils.AppInfoParser     : Kafka startTimeMs: 1736581615823
2025-01-11T07:46:55.826Z  INFO 1728 --- [toms] [main] o.a.k.c.c.internals.LegacyKafkaConsumer  : [Consumer clientId=consumer-toms-group-2, groupId=toms-group] Subscribed to topic(s): trades
2025-01-11T07:46:55.858Z  INFO 1728 --- [toms] [main] .TradingOrderManagementSystemApplication : Started TradingOrderManagementSystemApplication in 10.068 seconds (process running for 10.738)
2025-01-11T07:46:56.408Z  INFO 1728 --- [toms] [org.springframework.kafka.KafkaListenerEndpointContainer#1-0-C-1] org.apache.kafka.clients.Metadata        : [Consumer clientId=consumer-toms-group-2, groupId=toms-group] Cluster ID: ozIRocWORxW3CNZIRko-EA
2025-01-11T07:46:56.408Z  INFO 1728 --- [toms] [org.springframework.kafka.KafkaListenerEndpointContainer#0-0-C-1] org.apache.kafka.clients.Metadata        : [Consumer clientId=consumer-toms-group-1, groupId=toms-group] Cluster ID: ozIRocWORxW3CNZIRko-EA
2025-01-11T07:46:56.421Z  INFO 1728 --- [toms] [org.springframework.kafka.KafkaListenerEndpointContainer#0-0-C-1] o.a.k.c.c.internals.ConsumerCoordinator  : [Consumer clientId=consumer-toms-group-1, groupId=toms-group] Discovered group coordinator host.docker.internal:9092 (id: 2147483647 rack: null)
2025-01-11T07:46:56.421Z  INFO 1728 --- [toms] [org.springframework.kafka.KafkaListenerEndpointContainer#1-0-C-1] o.a.k.c.c.internals.ConsumerCoordinator  : [Consumer clientId=consumer-toms-group-2, groupId=toms-group] Discovered group coordinator host.docker.internal:9092 (id: 2147483647 rack: null)
2025-01-11T07:46:56.427Z  INFO 1728 --- [toms] [org.springframework.kafka.KafkaListenerEndpointContainer#1-0-C-1] o.a.k.c.c.internals.ConsumerCoordinator  : [Consumer clientId=consumer-toms-group-2, groupId=toms-group] (Re-)joining group
2025-01-11T07:46:56.428Z  INFO 1728 --- [toms] [org.springframework.kafka.KafkaListenerEndpointContainer#0-0-C-1] o.a.k.c.c.internals.ConsumerCoordinator  : [Consumer clientId=consumer-toms-group-1, groupId=toms-group] (Re-)joining group
2025-01-11T07:46:56.479Z  INFO 1728 --- [toms] [org.springframework.kafka.KafkaListenerEndpointContainer#0-0-C-1] o.a.k.c.c.internals.ConsumerCoordinator  : [Consumer clientId=consumer-toms-group-1, groupId=toms-group] Request joining group due to: need to re-join with the given member-id: consumer-toms-group-1-5423fbce-0889-4198-bf32-62cf8542a7d8
2025-01-11T07:46:56.479Z  INFO 1728 --- [toms] [org.springframework.kafka.KafkaListenerEndpointContainer#1-0-C-1] o.a.k.c.c.internals.ConsumerCoordinator  : [Consumer clientId=consumer-toms-group-2, groupId=toms-group] Request joining group due to: need to re-join with the given member-id: consumer-toms-group-2-5b21a163-65bb-4115-981b-6efca0b54e14
2025-01-11T07:46:56.480Z  INFO 1728 --- [toms] [org.springframework.kafka.KafkaListenerEndpointContainer#1-0-C-1] o.a.k.c.c.internals.ConsumerCoordinator  : [Consumer clientId=consumer-toms-group-2, groupId=toms-group] (Re-)joining group
2025-01-11T07:46:56.480Z  INFO 1728 --- [toms] [org.springframework.kafka.KafkaListenerEndpointContainer#0-0-C-1] o.a.k.c.c.internals.ConsumerCoordinator  : [Consumer clientId=consumer-toms-group-1, groupId=toms-group] (Re-)joining group
2025-01-11T07:46:56.488Z  INFO 1728 --- [toms] [org.springframework.kafka.KafkaListenerEndpointContainer#1-0-C-1] o.a.k.c.c.internals.ConsumerCoordinator  : [Consumer clientId=consumer-toms-group-2, groupId=toms-group] Successfully joined group with generation Generation{generationId=48, memberId='consumer-toms-group-2-5b21a163-65bb-4115-981b-6efca0b54e14', protocol='range'}
2025-01-11T07:46:56.489Z  INFO 1728 --- [toms] [org.springframework.kafka.KafkaListenerEndpointContainer#0-0-C-1] o.a.k.c.c.internals.ConsumerCoordinator  : [Consumer clientId=consumer-toms-group-1, groupId=toms-group] Successfully joined group with generation Generation{generationId=48, memberId='consumer-toms-group-1-5423fbce-0889-4198-bf32-62cf8542a7d8', protocol='range'}
2025-01-11T07:46:56.504Z  INFO 1728 --- [toms] [org.springframework.kafka.KafkaListenerEndpointContainer#1-0-C-1] o.a.k.c.c.internals.ConsumerCoordinator  : [Consumer clientId=consumer-toms-group-2, groupId=toms-group] Finished assignment for group at generation 48: {consumer-toms-group-2-5b21a163-65bb-4115-981b-6efca0b54e14=Assignment(partitions=[trades-0]), consumer-toms-group-1-5423fbce-0889-4198-bf32-62cf8542a7d8=Assignment(partitions=[orders-0])}
2025-01-11T07:46:56.517Z  INFO 1728 --- [toms] [org.springframework.kafka.KafkaListenerEndpointContainer#0-0-C-1] o.a.k.c.c.internals.ConsumerCoordinator  : [Consumer clientId=consumer-toms-group-1, groupId=toms-group] Successfully synced group in generation Generation{generationId=48, memberId='consumer-toms-group-1-5423fbce-0889-4198-bf32-62cf8542a7d8', protocol='range'}
2025-01-11T07:46:56.517Z  INFO 1728 --- [toms] [org.springframework.kafka.KafkaListenerEndpointContainer#1-0-C-1] o.a.k.c.c.internals.ConsumerCoordinator  : [Consumer clientId=consumer-toms-group-2, groupId=toms-group] Successfully synced group in generation Generation{generationId=48, memberId='consumer-toms-group-2-5b21a163-65bb-4115-981b-6efca0b54e14', protocol='range'}
2025-01-11T07:46:56.518Z  INFO 1728 --- [toms] [org.springframework.kafka.KafkaListenerEndpointContainer#1-0-C-1] o.a.k.c.c.internals.ConsumerCoordinator  : [Consumer clientId=consumer-toms-group-2, groupId=toms-group] Notifying assignor about the new Assignment(partitions=[trades-0])
2025-01-11T07:46:56.518Z  INFO 1728 --- [toms] [org.springframework.kafka.KafkaListenerEndpointContainer#0-0-C-1] o.a.k.c.c.internals.ConsumerCoordinator  : [Consumer clientId=consumer-toms-group-1, groupId=toms-group] Notifying assignor about the new Assignment(partitions=[orders-0])
2025-01-11T07:46:56.525Z  INFO 1728 --- [toms] [org.springframework.kafka.KafkaListenerEndpointContainer#0-0-C-1] k.c.c.i.ConsumerRebalanceListenerInvoker : [Consumer clientId=consumer-toms-group-1, groupId=toms-group] Adding newly assigned partitions: orders-0
2025-01-11T07:46:56.525Z  INFO 1728 --- [toms] [org.springframework.kafka.KafkaListenerEndpointContainer#1-0-C-1] k.c.c.i.ConsumerRebalanceListenerInvoker : [Consumer clientId=consumer-toms-group-2, groupId=toms-group] Adding newly assigned partitions: trades-0
2025-01-11T07:46:56.546Z  INFO 1728 --- [toms] [org.springframework.kafka.KafkaListenerEndpointContainer#1-0-C-1] o.a.k.c.c.internals.ConsumerUtils        : Setting offset for partition trades-0 to the committed offset FetchPosition{offset=8, offsetEpoch=Optional.empty, currentLeader=LeaderAndEpoch{leader=Optional[host.docker.internal:9092 (id: 0 rack: null)], epoch=0}}
2025-01-11T07:46:56.546Z  INFO 1728 --- [toms] [org.springframework.kafka.KafkaListenerEndpointContainer#0-0-C-1] o.a.k.c.c.internals.ConsumerUtils        : Setting offset for partition orders-0 to the committed offset FetchPosition{offset=14, offsetEpoch=Optional.empty, currentLeader=LeaderAndEpoch{leader=Optional[host.docker.internal:9092 (id: 0 rack: null)], epoch=0}}
2025-01-11T07:46:56.549Z  INFO 1728 --- [toms] [org.springframework.kafka.KafkaListenerEndpointContainer#1-0-C-1] o.s.k.l.KafkaMessageListenerContainer    : toms-group: partitions assigned: [trades-0]
2025-01-11T07:46:56.549Z  INFO 1728 --- [toms] [org.springframework.kafka.KafkaListenerEndpointContainer#0-0-C-1] o.s.k.l.KafkaMessageListenerContainer    : toms-group: partitions assigned: [orders-0]
2025-01-11T07:47:04.133Z  INFO 1728 --- [toms] [http-nio-8080-exec-2] o.a.c.c.C.[Tomcat].[localhost].[/]       : Initializing Spring DispatcherServlet 'dispatcherServlet'
2025-01-11T07:47:04.134Z  INFO 1728 --- [toms] [http-nio-8080-exec-2] o.s.web.servlet.DispatcherServlet        : Initializing Servlet 'dispatcherServlet'
2025-01-11T07:47:04.134Z DEBUG 1728 --- [toms] [http-nio-8080-exec-2] o.s.web.servlet.DispatcherServlet        : Detected StandardServletMultipartResolver
2025-01-11T07:47:04.135Z DEBUG 1728 --- [toms] [http-nio-8080-exec-2] o.s.web.servlet.DispatcherServlet        : Detected AcceptHeaderLocaleResolver
2025-01-11T07:47:04.136Z DEBUG 1728 --- [toms] [http-nio-8080-exec-2] o.s.web.servlet.DispatcherServlet        : Detected FixedThemeResolver
2025-01-11T07:47:04.137Z DEBUG 1728 --- [toms] [http-nio-8080-exec-2] o.s.web.servlet.DispatcherServlet        : Detected org.springframework.web.servlet.view.DefaultRequestToViewNameTranslator@26169be3
2025-01-11T07:47:04.138Z DEBUG 1728 --- [toms] [http-nio-8080-exec-2] o.s.web.servlet.DispatcherServlet        : Detected org.springframework.web.servlet.support.SessionFlashMapManager@4664fef
2025-01-11T07:47:04.139Z DEBUG 1728 --- [toms] [http-nio-8080-exec-2] o.s.web.servlet.DispatcherServlet        : enableLoggingRequestDetails='false': request parameters and headers will be masked to prevent unsafe logging of potentially sensitive data
2025-01-11T07:47:04.140Z  INFO 1728 --- [toms] [http-nio-8080-exec-2] o.s.web.servlet.DispatcherServlet        : Completed initialization in 6 ms
2025-01-11T07:47:04.163Z DEBUG 1728 --- [toms] [http-nio-8080-exec-2] o.s.web.servlet.DispatcherServlet        : POST "/api/v1/orders", parameters={}
2025-01-11T07:47:04.187Z DEBUG 1728 --- [toms] [http-nio-8080-exec-2] s.w.s.m.m.a.RequestMappingHandlerMapping : Mapped to tech.smdey.toms.controller.OrderController#createOrder(TradeOrder)
2025-01-11T07:47:04.365Z DEBUG 1728 --- [toms] [http-nio-8080-exec-2] m.m.a.RequestResponseBodyMethodProcessor : Read "application/json;charset=UTF-8" to [tech.smdey.toms.entity.TradeOrder@40bb25d5]
2025-01-11T07:47:05.173Z  INFO 1728 --- [toms] [http-nio-8080-exec-2] o.a.k.clients.producer.ProducerConfig    : ProducerConfig values: 
	acks = -1
	auto.include.jmx.reporter = true
	batch.size = 16384
	bootstrap.servers = [localhost:9092]
	buffer.memory = 33554432
	client.dns.lookup = use_all_dns_ips
	client.id = toms-producer-1
	compression.gzip.level = -1
	compression.lz4.level = 9
	compression.type = none
	compression.zstd.level = 3
	connections.max.idle.ms = 540000
	delivery.timeout.ms = 120000
	enable.idempotence = true
	enable.metrics.push = true
	interceptor.classes = []
	key.serializer = class org.apache.kafka.common.serialization.StringSerializer
	linger.ms = 0
	max.block.ms = 60000
	max.in.flight.requests.per.connection = 5
	max.request.size = 1048576
	metadata.max.age.ms = 300000
	metadata.max.idle.ms = 300000
	metadata.recovery.strategy = none
	metric.reporters = []
	metrics.num.samples = 2
	metrics.recording.level = INFO
	metrics.sample.window.ms = 30000
	partitioner.adaptive.partitioning.enable = true
	partitioner.availability.timeout.ms = 0
	partitioner.class = null
	partitioner.ignore.keys = false
	receive.buffer.bytes = 32768
	reconnect.backoff.max.ms = 1000
	reconnect.backoff.ms = 50
	request.timeout.ms = 30000
	retries = 2147483647
	retry.backoff.max.ms = 1000
	retry.backoff.ms = 100
	sasl.client.callback.handler.class = null
	sasl.jaas.config = null
	sasl.kerberos.kinit.cmd = /usr/bin/kinit
	sasl.kerberos.min.time.before.relogin = 60000
	sasl.kerberos.service.name = null
	sasl.kerberos.ticket.renew.jitter = 0.05
	sasl.kerberos.ticket.renew.window.factor = 0.8
	sasl.login.callback.handler.class = null
	sasl.login.class = null
	sasl.login.connect.timeout.ms = null
	sasl.login.read.timeout.ms = null
	sasl.login.refresh.buffer.seconds = 300
	sasl.login.refresh.min.period.seconds = 60
	sasl.login.refresh.window.factor = 0.8
	sasl.login.refresh.window.jitter = 0.05
	sasl.login.retry.backoff.max.ms = 10000
	sasl.login.retry.backoff.ms = 100
	sasl.mechanism = GSSAPI
	sasl.oauthbearer.clock.skew.seconds = 30
	sasl.oauthbearer.expected.audience = null
	sasl.oauthbearer.expected.issuer = null
	sasl.oauthbearer.jwks.endpoint.refresh.ms = 3600000
	sasl.oauthbearer.jwks.endpoint.retry.backoff.max.ms = 10000
	sasl.oauthbearer.jwks.endpoint.retry.backoff.ms = 100
	sasl.oauthbearer.jwks.endpoint.url = null
	sasl.oauthbearer.scope.claim.name = scope
	sasl.oauthbearer.sub.claim.name = sub
	sasl.oauthbearer.token.endpoint.url = null
	security.protocol = PLAINTEXT
	security.providers = null
	send.buffer.bytes = 131072
	socket.connection.setup.timeout.max.ms = 30000
	socket.connection.setup.timeout.ms = 10000
	ssl.cipher.suites = null
	ssl.enabled.protocols = [TLSv1.2, TLSv1.3]
	ssl.endpoint.identification.algorithm = https
	ssl.engine.factory.class = null
	ssl.key.password = null
	ssl.keymanager.algorithm = SunX509
	ssl.keystore.certificate.chain = null
	ssl.keystore.key = null
	ssl.keystore.location = null
	ssl.keystore.password = null
	ssl.keystore.type = JKS
	ssl.protocol = TLSv1.3
	ssl.provider = null
	ssl.secure.random.implementation = null
	ssl.trustmanager.algorithm = PKIX
	ssl.truststore.certificates = null
	ssl.truststore.location = null
	ssl.truststore.password = null
	ssl.truststore.type = JKS
	transaction.timeout.ms = 60000
	transactional.id = null
	value.serializer = class org.apache.kafka.common.serialization.StringSerializer

2025-01-11T07:47:05.176Z  INFO 1728 --- [toms] [http-nio-8080-exec-2] o.a.k.c.t.i.KafkaMetricsCollector        : initializing Kafka metrics collector
2025-01-11T07:47:05.198Z  INFO 1728 --- [toms] [http-nio-8080-exec-2] o.a.k.clients.producer.KafkaProducer     : [Producer clientId=toms-producer-1] Instantiated an idempotent producer.
2025-01-11T07:47:05.234Z  INFO 1728 --- [toms] [http-nio-8080-exec-2] o.a.kafka.common.utils.AppInfoParser     : Kafka version: 3.8.1
2025-01-11T07:47:05.235Z  INFO 1728 --- [toms] [http-nio-8080-exec-2] o.a.kafka.common.utils.AppInfoParser     : Kafka commitId: 70d6ff42debf7e17
2025-01-11T07:47:05.235Z  INFO 1728 --- [toms] [http-nio-8080-exec-2] o.a.kafka.common.utils.AppInfoParser     : Kafka startTimeMs: 1736581625234
2025-01-11T07:47:05.257Z  INFO 1728 --- [toms] [kafka-producer-network-thread | toms-producer-1] org.apache.kafka.clients.Metadata        : [Producer clientId=toms-producer-1] Cluster ID: ozIRocWORxW3CNZIRko-EA
2025-01-11T07:47:05.260Z  INFO 1728 --- [toms] [kafka-producer-network-thread | toms-producer-1] o.a.k.c.p.internals.TransactionManager   : [Producer clientId=toms-producer-1] ProducerId set to 7 with epoch 0
2025-01-11T07:47:05.317Z DEBUG 1728 --- [toms] [http-nio-8080-exec-2] o.s.w.s.m.m.a.HttpEntityMethodProcessor  : Using 'application/json', given [*/*] and supported [application/json, application/*+json]
2025-01-11T07:47:05.326Z DEBUG 1728 --- [toms] [http-nio-8080-exec-2] o.s.w.s.m.m.a.HttpEntityMethodProcessor  : Writing [tech.smdey.toms.entity.TradeOrder@40bb25d5]
2025-01-11T07:47:05.351Z DEBUG 1728 --- [toms] [org.springframework.kafka.KafkaListenerEndpointContainer#0-0-C-1] org.springframework.web.SimpLogging      : Processing MESSAGE destination=/topic/orders session=null payload={"id":1,"symbol":"AAPL","quantity":10,"status":"PENDING","type":"SELL","price":1...(truncated)
2025-01-11T07:47:05.360Z DEBUG 1728 --- [toms] [http-nio-8080-exec-2] o.s.web.servlet.DispatcherServlet        : Completed 200 OK
2025-01-11T07:47:18.387Z DEBUG 1728 --- [toms] [http-nio-8080-exec-4] o.s.web.servlet.DispatcherServlet        : GET "/api/v1/orders", parameters={}
2025-01-11T07:47:18.387Z DEBUG 1728 --- [toms] [http-nio-8080-exec-5] o.s.web.servlet.DispatcherServlet        : GET "/api/v1/trades/recent", parameters={}
2025-01-11T07:47:18.392Z DEBUG 1728 --- [toms] [http-nio-8080-exec-7] o.s.web.servlet.DispatcherServlet        : GET "/ws/info?t=1736581638380", parameters={masked}
2025-01-11T07:47:18.394Z DEBUG 1728 --- [toms] [http-nio-8080-exec-4] s.w.s.m.m.a.RequestMappingHandlerMapping : Mapped to tech.smdey.toms.controller.OrderController#getOrders(OrderStatus, int, int, String, String)
2025-01-11T07:47:18.392Z DEBUG 1728 --- [toms] [http-nio-8080-exec-3] o.s.web.servlet.DispatcherServlet        : GET "/ws/info?t=1736581638379", parameters={masked}
2025-01-11T07:47:18.394Z DEBUG 1728 --- [toms] [http-nio-8080-exec-5] s.w.s.m.m.a.RequestMappingHandlerMapping : Mapped to tech.smdey.toms.controller.TradeController#getRecentTrades()
2025-01-11T07:47:18.403Z DEBUG 1728 --- [toms] [http-nio-8080-exec-3] o.s.w.s.s.s.WebSocketHandlerMapping      : Mapped to org.springframework.web.socket.sockjs.support.SockJsHttpRequestHandler@2796716d
2025-01-11T07:47:18.403Z DEBUG 1728 --- [toms] [http-nio-8080-exec-7] o.s.w.s.s.s.WebSocketHandlerMapping      : Mapped to org.springframework.web.socket.sockjs.support.SockJsHttpRequestHandler@2796716d
2025-01-11T07:47:18.430Z DEBUG 1728 --- [toms] [http-nio-8080-exec-7] o.s.w.s.s.t.h.DefaultSockJsService       : Processing transport request: GET http://localhost:8080/ws/info?t=1736581638380
2025-01-11T07:47:18.431Z DEBUG 1728 --- [toms] [http-nio-8080-exec-3] o.s.w.s.s.t.h.DefaultSockJsService       : Processing transport request: GET http://localhost:8080/ws/info?t=1736581638379
2025-01-11T07:47:18.434Z DEBUG 1728 --- [toms] [http-nio-8080-exec-7] o.s.web.servlet.DispatcherServlet        : Completed 200 OK
2025-01-11T07:47:18.434Z DEBUG 1728 --- [toms] [http-nio-8080-exec-3] o.s.web.servlet.DispatcherServlet        : Completed 200 OK
2025-01-11T07:47:18.451Z DEBUG 1728 --- [toms] [http-nio-8080-exec-8] o.s.web.servlet.DispatcherServlet        : GET "/ws/899/fxy5535h/websocket", parameters={}
2025-01-11T07:47:18.453Z DEBUG 1728 --- [toms] [http-nio-8080-exec-8] o.s.w.s.s.s.WebSocketHandlerMapping      : Mapped to org.springframework.web.socket.sockjs.support.SockJsHttpRequestHandler@2796716d
2025-01-11T07:47:18.456Z DEBUG 1728 --- [toms] [http-nio-8080-exec-8] o.s.w.s.s.t.h.DefaultSockJsService       : Processing transport request: GET http://localhost:8080/ws/899/fxy5535h/websocket
2025-01-11T07:47:18.518Z DEBUG 1728 --- [toms] [http-nio-8080-exec-8] o.s.web.servlet.DispatcherServlet        : Completed 101 SWITCHING_PROTOCOLS
2025-01-11T07:47:18.535Z DEBUG 1728 --- [toms] [http-nio-8080-exec-6] o.s.web.servlet.DispatcherServlet        : GET "/ws/198/o0b1140j/websocket", parameters={}
2025-01-11T07:47:18.537Z DEBUG 1728 --- [toms] [http-nio-8080-exec-6] o.s.w.s.s.s.WebSocketHandlerMapping      : Mapped to org.springframework.web.socket.sockjs.support.SockJsHttpRequestHandler@2796716d
2025-01-11T07:47:18.539Z DEBUG 1728 --- [toms] [http-nio-8080-exec-6] o.s.w.s.s.t.h.DefaultSockJsService       : Processing transport request: GET http://localhost:8080/ws/198/o0b1140j/websocket
2025-01-11T07:47:18.541Z DEBUG 1728 --- [toms] [http-nio-8080-exec-6] o.s.web.servlet.DispatcherServlet        : Completed 101 SWITCHING_PROTOCOLS
2025-01-11T07:47:18.559Z DEBUG 1728 --- [toms] [http-nio-8080-exec-6] s.w.s.h.LoggingWebSocketHandlerDecorator : New WebSocketServerSockJsSession[id=o0b1140j]
2025-01-11T07:47:18.559Z DEBUG 1728 --- [toms] [http-nio-8080-exec-8] s.w.s.h.LoggingWebSocketHandlerDecorator : New WebSocketServerSockJsSession[id=fxy5535h]
2025-01-11T07:47:18.610Z DEBUG 1728 --- [toms] [clientInboundChannel-2] org.springframework.web.SimpLogging      : Processing CONNECT session=fxy5535h
2025-01-11T07:47:18.635Z DEBUG 1728 --- [toms] [clientInboundChannel-5] org.springframework.web.SimpLogging      : Processing SUBSCRIBE /topic/orders id=sub-0 session=fxy5535h
2025-01-11T07:47:18.637Z DEBUG 1728 --- [toms] [clientInboundChannel-8] org.springframework.web.SimpLogging      : Processing SUBSCRIBE /topic/trades id=sub-1 session=fxy5535h
2025-01-11T07:47:18.650Z DEBUG 1728 --- [toms] [http-nio-8080-exec-5] m.m.a.RequestResponseBodyMethodProcessor : Using 'application/json', given [application/json, text/plain, */*] and supported [application/json, application/*+json]
2025-01-11T07:47:18.652Z DEBUG 1728 --- [toms] [http-nio-8080-exec-5] m.m.a.RequestResponseBodyMethodProcessor : Writing [[]]
2025-01-11T07:47:18.655Z DEBUG 1728 --- [toms] [http-nio-8080-exec-5] o.s.web.servlet.DispatcherServlet        : Completed 200 OK
2025-01-11T07:47:18.663Z DEBUG 1728 --- [toms] [http-nio-8080-exec-9] o.s.web.servlet.DispatcherServlet        : GET "/api/v1/trades/recent", parameters={}
2025-01-11T07:47:18.666Z DEBUG 1728 --- [toms] [http-nio-8080-exec-9] s.w.s.m.m.a.RequestMappingHandlerMapping : Mapped to tech.smdey.toms.controller.TradeController#getRecentTrades()
2025-01-11T07:47:18.673Z  WARN 1728 --- [toms] [http-nio-8080-exec-4] ration$PageModule$WarningLoggingModifier : Serializing PageImpl instances as-is is not supported, meaning that there is no guarantee about the stability of the resulting JSON structure!
	For a stable JSON structure, please use Spring Data's PagedModel (globally via @EnableSpringDataWebSupport(pageSerializationMode = VIA_DTO))
	or Spring HATEOAS and Spring Data's PagedResourcesAssembler as documented in https://docs.spring.io/spring-data/commons/reference/repositories/core-extensions.html#core.web.pageables.

2025-01-11T07:47:18.678Z DEBUG 1728 --- [toms] [http-nio-8080-exec-9] m.m.a.RequestResponseBodyMethodProcessor : Using 'application/json', given [application/json, text/plain, */*] and supported [application/json, application/*+json]
2025-01-11T07:47:18.685Z DEBUG 1728 --- [toms] [http-nio-8080-exec-9] m.m.a.RequestResponseBodyMethodProcessor : Writing [[]]
2025-01-11T07:47:18.688Z DEBUG 1728 --- [toms] [http-nio-8080-exec-9] o.s.web.servlet.DispatcherServlet        : Completed 200 OK
2025-01-11T07:47:18.688Z DEBUG 1728 --- [toms] [http-nio-8080-exec-4] o.s.w.s.m.m.a.HttpEntityMethodProcessor  : Using 'application/json', given [application/json, text/plain, */*] and supported [application/json, application/*+json]
2025-01-11T07:47:18.690Z DEBUG 1728 --- [toms] [http-nio-8080-exec-4] o.s.w.s.m.m.a.HttpEntityMethodProcessor  : Writing [Page 1 of 1 containing tech.smdey.toms.entity.TradeOrder instances]
2025-01-11T07:47:18.730Z DEBUG 1728 --- [toms] [http-nio-8080-exec-4] o.s.web.servlet.DispatcherServlet        : Completed 200 OK
2025-01-11T07:47:18.732Z DEBUG 1728 --- [toms] [http-nio-8080-exec-1] o.s.web.servlet.DispatcherServlet        : GET "/api/v1/orders", parameters={}
2025-01-11T07:47:18.733Z DEBUG 1728 --- [toms] [http-nio-8080-exec-1] s.w.s.m.m.a.RequestMappingHandlerMapping : Mapped to tech.smdey.toms.controller.OrderController#getOrders(OrderStatus, int, int, String, String)
2025-01-11T07:47:18.759Z DEBUG 1728 --- [toms] [http-nio-8080-exec-1] o.s.w.s.m.m.a.HttpEntityMethodProcessor  : Using 'application/json', given [application/json, text/plain, */*] and supported [application/json, application/*+json]
2025-01-11T07:47:18.759Z DEBUG 1728 --- [toms] [http-nio-8080-exec-1] o.s.w.s.m.m.a.HttpEntityMethodProcessor  : Writing [Page 1 of 1 containing tech.smdey.toms.entity.TradeOrder instances]
2025-01-11T07:47:18.761Z DEBUG 1728 --- [toms] [http-nio-8080-exec-1] o.s.web.servlet.DispatcherServlet        : Completed 200 OK
2025-01-11T07:47:55.297Z  INFO 1728 --- [toms] [MessageBroker-4] o.s.w.s.c.WebSocketMessageBrokerStats    : WebSocketSession[2 current WS(2)-HttpStream(0)-HttpPoll(0), 2 total, 0 closed abnormally (0 connect failure, 0 send limit, 0 transport error)], stompSubProtocol[processed CONNECT(1)-CONNECTED(1)-DISCONNECT(0)], stompBrokerRelay[null], inboundChannel[pool size = 8, active threads = 0, queued tasks = 0, completed tasks = 9], outboundChannel[pool size = 1, active threads = 0, queued tasks = 0, completed tasks = 1], sockJsScheduler[pool size = 4, active threads = 1, queued tasks = 3, completed tasks = 10]
2025-01-11T07:48:24.614Z DEBUG 1728 --- [toms] [http-nio-8080-exec-5] o.s.web.servlet.DispatcherServlet        : POST "/api/v1/orders", parameters={}
2025-01-11T07:48:24.618Z DEBUG 1728 --- [toms] [http-nio-8080-exec-5] s.w.s.m.m.a.RequestMappingHandlerMapping : Mapped to tech.smdey.toms.controller.OrderController#createOrder(TradeOrder)
2025-01-11T07:48:24.627Z DEBUG 1728 --- [toms] [http-nio-8080-exec-5] m.m.a.RequestResponseBodyMethodProcessor : Read "application/json;charset=UTF-8" to [tech.smdey.toms.entity.TradeOrder@6d94431d]
2025-01-11T07:48:24.643Z DEBUG 1728 --- [toms] [http-nio-8080-exec-5] o.s.w.s.m.m.a.HttpEntityMethodProcessor  : Using 'application/json', given [*/*] and supported [application/json, application/*+json]
2025-01-11T07:48:24.645Z DEBUG 1728 --- [toms] [http-nio-8080-exec-5] o.s.w.s.m.m.a.HttpEntityMethodProcessor  : Writing [tech.smdey.toms.entity.TradeOrder@6d94431d]
2025-01-11T07:48:24.647Z DEBUG 1728 --- [toms] [http-nio-8080-exec-5] o.s.web.servlet.DispatcherServlet        : Completed 200 OK
2025-01-11T07:48:24.663Z DEBUG 1728 --- [toms] [org.springframework.kafka.KafkaListenerEndpointContainer#0-0-C-1] org.springframework.web.SimpLogging      : Processing MESSAGE destination=/topic/orders session=null payload={"id":2,"symbol":"AAPL","quantity":100,"status":"PENDING","type":"BUY","price":1...(truncated)
2025-01-11T07:48:24.664Z DEBUG 1728 --- [toms] [org.springframework.kafka.KafkaListenerEndpointContainer#0-0-C-1] org.springframework.web.SimpLogging      : Broadcasting to 1 sessions.
2025-01-11T07:49:09.526Z DEBUG 1728 --- [toms] [http-nio-8080-exec-9] o.s.web.servlet.DispatcherServlet        : POST "/api/v1/orders", parameters={}
2025-01-11T07:49:09.527Z DEBUG 1728 --- [toms] [http-nio-8080-exec-9] s.w.s.m.m.a.RequestMappingHandlerMapping : Mapped to tech.smdey.toms.controller.OrderController#createOrder(TradeOrder)
2025-01-11T07:49:09.529Z DEBUG 1728 --- [toms] [http-nio-8080-exec-9] m.m.a.RequestResponseBodyMethodProcessor : Read "application/json;charset=UTF-8" to [tech.smdey.toms.entity.TradeOrder@6ddd0e6f]
2025-01-11T07:49:09.540Z DEBUG 1728 --- [toms] [http-nio-8080-exec-9] o.s.w.s.m.m.a.HttpEntityMethodProcessor  : Using 'application/json', given [*/*] and supported [application/json, application/*+json]
2025-01-11T07:49:09.541Z DEBUG 1728 --- [toms] [http-nio-8080-exec-9] o.s.w.s.m.m.a.HttpEntityMethodProcessor  : Writing [tech.smdey.toms.entity.TradeOrder@6ddd0e6f]
2025-01-11T07:49:09.543Z DEBUG 1728 --- [toms] [http-nio-8080-exec-9] o.s.web.servlet.DispatcherServlet        : Completed 200 OK
2025-01-11T07:49:09.553Z DEBUG 1728 --- [toms] [org.springframework.kafka.KafkaListenerEndpointContainer#0-0-C-1] org.springframework.web.SimpLogging      : Processing MESSAGE destination=/topic/orders session=null payload={"id":3,"symbol":"AAPL","quantity":10,"status":"PENDING","type":"SELL","price":1...(truncated)
2025-01-11T07:49:09.553Z DEBUG 1728 --- [toms] [org.springframework.kafka.KafkaListenerEndpointContainer#0-0-C-1] org.springframework.web.SimpLogging      : Broadcasting to 1 sessions.
2025-01-11T07:49:20.106Z DEBUG 1728 --- [toms] [http-nio-8080-exec-4] o.s.web.servlet.DispatcherServlet        : POST "/api/v1/matching/AAPL", parameters={}
2025-01-11T07:49:20.108Z DEBUG 1728 --- [toms] [http-nio-8080-exec-4] s.w.s.m.m.a.RequestMappingHandlerMapping : Mapped to tech.smdey.toms.controller.MatchingController#matchOrders(String)
2025-01-11T07:49:20.196Z DEBUG 1728 --- [toms] [org.springframework.kafka.KafkaListenerEndpointContainer#0-0-C-1] org.springframework.web.SimpLogging      : Processing MESSAGE destination=/topic/orders session=null payload={"id":2,"symbol":"AAPL","quantity":90,"status":"PARTIALLY_COMPLETED","type":"BUY...(truncated)
2025-01-11T07:49:20.197Z DEBUG 1728 --- [toms] [org.springframework.kafka.KafkaListenerEndpointContainer#0-0-C-1] org.springframework.web.SimpLogging      : Broadcasting to 1 sessions.
2025-01-11T07:49:20.213Z DEBUG 1728 --- [toms] [org.springframework.kafka.KafkaListenerEndpointContainer#0-0-C-1] org.springframework.web.SimpLogging      : Processing MESSAGE destination=/topic/orders session=null payload={"id":1,"symbol":"AAPL","quantity":0,"status":"COMPLETED","type":"SELL","price":...(truncated)
2025-01-11T07:49:20.214Z DEBUG 1728 --- [toms] [org.springframework.kafka.KafkaListenerEndpointContainer#0-0-C-1] org.springframework.web.SimpLogging      : Broadcasting to 1 sessions.
2025-01-11T07:49:20.241Z DEBUG 1728 --- [toms] [org.springframework.kafka.KafkaListenerEndpointContainer#1-0-C-1] org.springframework.web.SimpLogging      : Processing MESSAGE destination=/topic/trades session=null payload={"id":1,"buyOrder":{"id":2,"symbol":"AAPL","quantity":90,"status":"PARTIALLY_COM...(truncated)
2025-01-11T07:49:20.243Z DEBUG 1728 --- [toms] [org.springframework.kafka.KafkaListenerEndpointContainer#1-0-C-1] org.springframework.web.SimpLogging      : Broadcasting to 1 sessions.
2025-01-11T07:49:20.260Z DEBUG 1728 --- [toms] [org.springframework.kafka.KafkaListenerEndpointContainer#0-0-C-1] org.springframework.web.SimpLogging      : Processing MESSAGE destination=/topic/orders session=null payload={"id":2,"symbol":"AAPL","quantity":80,"status":"PARTIALLY_COMPLETED","type":"BUY...(truncated)
2025-01-11T07:49:20.261Z DEBUG 1728 --- [toms] [org.springframework.kafka.KafkaListenerEndpointContainer#0-0-C-1] org.springframework.web.SimpLogging      : Broadcasting to 1 sessions.
2025-01-11T07:49:20.285Z DEBUG 1728 --- [toms] [org.springframework.kafka.KafkaListenerEndpointContainer#0-0-C-1] org.springframework.web.SimpLogging      : Processing MESSAGE destination=/topic/orders session=null payload={"id":3,"symbol":"AAPL","quantity":0,"status":"COMPLETED","type":"SELL","price":...(truncated)
2025-01-11T07:49:20.294Z DEBUG 1728 --- [toms] [org.springframework.kafka.KafkaListenerEndpointContainer#0-0-C-1] org.springframework.web.SimpLogging      : Broadcasting to 1 sessions.
2025-01-11T07:49:20.293Z DEBUG 1728 --- [toms] [http-nio-8080-exec-4] o.s.w.s.m.m.a.HttpEntityMethodProcessor  : Using 'text/plain', given [*/*] and supported [text/plain, */*, application/json, application/*+json]
2025-01-11T07:49:20.295Z DEBUG 1728 --- [toms] [http-nio-8080-exec-4] o.s.w.s.m.m.a.HttpEntityMethodProcessor  : Writing ["Matching process completed for symbol: AAPL"]
2025-01-11T07:49:20.297Z DEBUG 1728 --- [toms] [http-nio-8080-exec-4] o.s.web.servlet.DispatcherServlet        : Completed 200 OK
2025-01-11T07:49:20.311Z DEBUG 1728 --- [toms] [org.springframework.kafka.KafkaListenerEndpointContainer#1-0-C-1] org.springframework.web.SimpLogging      : Processing MESSAGE destination=/topic/trades session=null payload={"id":2,"buyOrder":{"id":2,"symbol":"AAPL","quantity":80,"status":"PARTIALLY_COM...(truncated)
2025-01-11T07:49:20.312Z DEBUG 1728 --- [toms] [org.springframework.kafka.KafkaListenerEndpointContainer#1-0-C-1] org.springframework.web.SimpLogging      : Broadcasting to 1 sessions.
2025-01-11T07:55:56.626Z  INFO 1728 --- [toms] [org.springframework.kafka.KafkaListenerEndpointContainer#1-0-C-1] org.apache.kafka.clients.NetworkClient   : [Consumer clientId=consumer-toms-group-2, groupId=toms-group] Node -1 disconnected.
2025-01-11T07:55:56.640Z  INFO 1728 --- [toms] [org.springframework.kafka.KafkaListenerEndpointContainer#0-0-C-1] org.apache.kafka.clients.NetworkClient   : [Consumer clientId=consumer-toms-group-1, groupId=toms-group] Node -1 disconnected.
2025-01-11T07:56:35.303Z  INFO 1728 --- [toms] [kafka-producer-network-thread | toms-producer-1] org.apache.kafka.clients.NetworkClient   : [Producer clientId=toms-producer-1] Node -1 disconnected.
2025-01-11T08:06:05.323Z  INFO 1728 --- [toms] [kafka-producer-network-thread | toms-producer-1] org.apache.kafka.clients.NetworkClient   : [Producer clientId=toms-producer-1] Node -1 disconnected.
2025-01-11T08:06:45.840Z DEBUG 1728 --- [toms] [http-nio-8080-exec-2] s.w.s.h.LoggingWebSocketHandlerDecorator : WebSocketServerSockJsSession[id=fxy5535h] closed with CloseStatus[code=1000, reason=null]
2025-01-11T08:06:45.840Z DEBUG 1728 --- [toms] [http-nio-8080-exec-3] s.w.s.h.LoggingWebSocketHandlerDecorator : WebSocketServerSockJsSession[id=o0b1140j] closed with CloseStatus[code=1000, reason=null]
2025-01-11T08:06:45.842Z DEBUG 1728 --- [toms] [http-nio-8080-exec-3] o.s.w.s.m.SubProtocolWebSocketHandler    : Clearing session o0b1140j
2025-01-11T08:06:45.841Z DEBUG 1728 --- [toms] [http-nio-8080-exec-2] o.s.w.s.m.SubProtocolWebSocketHandler    : Clearing session fxy5535h
2025-01-11T08:06:45.853Z DEBUG 1728 --- [toms] [clientInboundChannel-10] org.springframework.web.SimpLogging      : Processing DISCONNECT session=o0b1140j
2025-01-11T08:06:45.860Z DEBUG 1728 --- [toms] [clientInboundChannel-13] org.springframework.web.SimpLogging      : Processing DISCONNECT session=fxy5535h
2025-01-11T08:06:45.889Z DEBUG 1728 --- [toms] [clientOutboundChannel-11] o.s.w.s.m.SubProtocolWebSocketHandler    : No session for GenericMessage [payload=byte[0], headers={simpMessageType=DISCONNECT_ACK, simpDisconnectMessage=GenericMessage [payload=byte[0], headers={simpMessageType=DISCONNECT, stompCommand=DISCONNECT, simpSessionAttributes={org.springframework.messaging.simp.SimpAttributes.COMPLETED=true}, simpSessionId=fxy5535h}], simpSessionId=fxy5535h}]
2025-01-11T08:06:45.891Z DEBUG 1728 --- [toms] [clientOutboundChannel-10] o.s.w.s.m.SubProtocolWebSocketHandler    : No session for GenericMessage [payload=byte[0], headers={simpMessageType=DISCONNECT_ACK, simpDisconnectMessage=GenericMessage [payload=byte[0], headers={simpMessageType=DISCONNECT, stompCommand=DISCONNECT, simpSessionAttributes={org.springframework.messaging.simp.SimpAttributes.COMPLETED=true}, simpSessionId=o0b1140j}], simpSessionId=o0b1140j}]
2025-01-11T08:06:53.399Z  INFO 1728 --- [toms] [org.springframework.kafka.KafkaListenerEndpointContainer#0-0-C-1] k.c.c.i.ConsumerRebalanceListenerInvoker : [Consumer clientId=consumer-toms-group-1, groupId=toms-group] Revoke previously assigned partitions orders-0
2025-01-11T08:06:53.399Z  INFO 1728 --- [toms] [org.springframework.kafka.KafkaListenerEndpointContainer#1-0-C-1] k.c.c.i.ConsumerRebalanceListenerInvoker : [Consumer clientId=consumer-toms-group-2, groupId=toms-group] Revoke previously assigned partitions trades-0
2025-01-11T08:06:53.401Z  INFO 1728 --- [toms] [org.springframework.kafka.KafkaListenerEndpointContainer#1-0-C-1] o.s.k.l.KafkaMessageListenerContainer    : toms-group: partitions revoked: [trades-0]
2025-01-11T08:06:53.401Z  INFO 1728 --- [toms] [org.springframework.kafka.KafkaListenerEndpointContainer#0-0-C-1] o.s.k.l.KafkaMessageListenerContainer    : toms-group: partitions revoked: [orders-0]
2025-01-11T08:06:53.402Z  INFO 1728 --- [toms] [org.springframework.kafka.KafkaListenerEndpointContainer#1-0-C-1] o.a.k.c.c.internals.ConsumerCoordinator  : [Consumer clientId=consumer-toms-group-2, groupId=toms-group] Member consumer-toms-group-2-5b21a163-65bb-4115-981b-6efca0b54e14 sending LeaveGroup request to coordinator host.docker.internal:9092 (id: 2147483647 rack: null) due to the consumer unsubscribed from all topics
2025-01-11T08:06:53.402Z  INFO 1728 --- [toms] [org.springframework.kafka.KafkaListenerEndpointContainer#0-0-C-1] o.a.k.c.c.internals.ConsumerCoordinator  : [Consumer clientId=consumer-toms-group-1, groupId=toms-group] Member consumer-toms-group-1-5423fbce-0889-4198-bf32-62cf8542a7d8 sending LeaveGroup request to coordinator host.docker.internal:9092 (id: 2147483647 rack: null) due to the consumer unsubscribed from all topics
2025-01-11T08:06:53.403Z  INFO 1728 --- [toms] [org.springframework.kafka.KafkaListenerEndpointContainer#0-0-C-1] o.a.k.c.c.internals.ConsumerCoordinator  : [Consumer clientId=consumer-toms-group-1, groupId=toms-group] Resetting generation and member id due to: consumer pro-actively leaving the group
2025-01-11T08:06:53.403Z  INFO 1728 --- [toms] [org.springframework.kafka.KafkaListenerEndpointContainer#1-0-C-1] o.a.k.c.c.internals.ConsumerCoordinator  : [Consumer clientId=consumer-toms-group-2, groupId=toms-group] Resetting generation and member id due to: consumer pro-actively leaving the group
2025-01-11T08:06:53.404Z  INFO 1728 --- [toms] [org.springframework.kafka.KafkaListenerEndpointContainer#0-0-C-1] o.a.k.c.c.internals.ConsumerCoordinator  : [Consumer clientId=consumer-toms-group-1, groupId=toms-group] Request joining group due to: consumer pro-actively leaving the group
2025-01-11T08:06:53.404Z  INFO 1728 --- [toms] [org.springframework.kafka.KafkaListenerEndpointContainer#1-0-C-1] o.a.k.c.c.internals.ConsumerCoordinator  : [Consumer clientId=consumer-toms-group-2, groupId=toms-group] Request joining group due to: consumer pro-actively leaving the group
2025-01-11T08:06:53.404Z  INFO 1728 --- [toms] [org.springframework.kafka.KafkaListenerEndpointContainer#0-0-C-1] o.a.k.c.c.internals.LegacyKafkaConsumer  : [Consumer clientId=consumer-toms-group-1, groupId=toms-group] Unsubscribed all topics or patterns and assigned partitions
2025-01-11T08:06:53.404Z  INFO 1728 --- [toms] [org.springframework.kafka.KafkaListenerEndpointContainer#1-0-C-1] o.a.k.c.c.internals.LegacyKafkaConsumer  : [Consumer clientId=consumer-toms-group-2, groupId=toms-group] Unsubscribed all topics or patterns and assigned partitions
2025-01-11T08:06:53.407Z  INFO 1728 --- [toms] [org.springframework.kafka.KafkaListenerEndpointContainer#0-0-C-1] o.a.k.c.c.internals.ConsumerCoordinator  : [Consumer clientId=consumer-toms-group-1, groupId=toms-group] Resetting generation and member id due to: consumer pro-actively leaving the group
2025-01-11T08:06:53.407Z  INFO 1728 --- [toms] [org.springframework.kafka.KafkaListenerEndpointContainer#1-0-C-1] o.a.k.c.c.internals.ConsumerCoordinator  : [Consumer clientId=consumer-toms-group-2, groupId=toms-group] Resetting generation and member id due to: consumer pro-actively leaving the group
2025-01-11T08:06:53.408Z  INFO 1728 --- [toms] [org.springframework.kafka.KafkaListenerEndpointContainer#0-0-C-1] o.a.k.c.c.internals.ConsumerCoordinator  : [Consumer clientId=consumer-toms-group-1, groupId=toms-group] Request joining group due to: consumer pro-actively leaving the group
2025-01-11T08:06:53.408Z  INFO 1728 --- [toms] [org.springframework.kafka.KafkaListenerEndpointContainer#1-0-C-1] o.a.k.c.c.internals.ConsumerCoordinator  : [Consumer clientId=consumer-toms-group-2, groupId=toms-group] Request joining group due to: consumer pro-actively leaving the group
2025-01-11T08:06:53.421Z  INFO 1728 --- [toms] [org.springframework.kafka.KafkaListenerEndpointContainer#0-0-C-1] o.apache.kafka.common.metrics.Metrics    : Metrics scheduler closed
2025-01-11T08:06:53.422Z  INFO 1728 --- [toms] [org.springframework.kafka.KafkaListenerEndpointContainer#0-0-C-1] o.apache.kafka.common.metrics.Metrics    : Closing reporter org.apache.kafka.common.metrics.JmxReporter
2025-01-11T08:06:53.422Z  INFO 1728 --- [toms] [org.springframework.kafka.KafkaListenerEndpointContainer#1-0-C-1] o.apache.kafka.common.metrics.Metrics    : Metrics scheduler closed
2025-01-11T08:06:53.422Z  INFO 1728 --- [toms] [org.springframework.kafka.KafkaListenerEndpointContainer#0-0-C-1] o.apache.kafka.common.metrics.Metrics    : Closing reporter org.apache.kafka.common.telemetry.internals.ClientTelemetryReporter
2025-01-11T08:06:53.422Z  INFO 1728 --- [toms] [org.springframework.kafka.KafkaListenerEndpointContainer#1-0-C-1] o.apache.kafka.common.metrics.Metrics    : Closing reporter org.apache.kafka.common.metrics.JmxReporter
2025-01-11T08:06:53.422Z  INFO 1728 --- [toms] [org.springframework.kafka.KafkaListenerEndpointContainer#0-0-C-1] o.apache.kafka.common.metrics.Metrics    : Metrics reporters closed
2025-01-11T08:06:53.423Z  INFO 1728 --- [toms] [org.springframework.kafka.KafkaListenerEndpointContainer#1-0-C-1] o.apache.kafka.common.metrics.Metrics    : Closing reporter org.apache.kafka.common.telemetry.internals.ClientTelemetryReporter
2025-01-11T08:06:53.423Z  INFO 1728 --- [toms] [org.springframework.kafka.KafkaListenerEndpointContainer#1-0-C-1] o.apache.kafka.common.metrics.Metrics    : Metrics reporters closed
2025-01-11T08:06:53.431Z  INFO 1728 --- [toms] [org.springframework.kafka.KafkaListenerEndpointContainer#0-0-C-1] o.a.kafka.common.utils.AppInfoParser     : App info kafka.consumer for consumer-toms-group-1 unregistered
2025-01-11T08:06:53.432Z  INFO 1728 --- [toms] [org.springframework.kafka.KafkaListenerEndpointContainer#0-0-C-1] o.s.k.l.KafkaMessageListenerContainer    : toms-group: Consumer stopped
2025-01-11T08:06:53.433Z  INFO 1728 --- [toms] [org.springframework.kafka.KafkaListenerEndpointContainer#1-0-C-1] o.a.kafka.common.utils.AppInfoParser     : App info kafka.consumer for consumer-toms-group-2 unregistered
2025-01-11T08:06:53.434Z  INFO 1728 --- [toms] [org.springframework.kafka.KafkaListenerEndpointContainer#1-0-C-1] o.s.k.l.KafkaMessageListenerContainer    : toms-group: Consumer stopped
2025-01-11T08:06:53.437Z  INFO 1728 --- [toms] [SpringApplicationShutdownHook] o.s.b.w.e.tomcat.GracefulShutdown        : Commencing graceful shutdown. Waiting for active requests to complete
2025-01-11T08:06:53.487Z  INFO 1728 --- [toms] [tomcat-shutdown] o.s.b.w.e.tomcat.GracefulShutdown        : Graceful shutdown complete
2025-01-11T08:06:53.492Z DEBUG 1728 --- [toms] [SpringApplicationShutdownHook] org.springframework.web.SimpLogging      : clientOutboundChannel removed SubProtocolWebSocketHandler[StompSubProtocolHandler[v10.stomp, v11.stomp, v12.stomp]]
2025-01-11T08:06:53.492Z DEBUG 1728 --- [toms] [SpringApplicationShutdownHook] org.springframework.web.SimpLogging      : clientInboundChannel removed WebSocketAnnotationMethodMessageHandler[prefixes=[/app/]]
2025-01-11T08:06:53.492Z  INFO 1728 --- [toms] [SpringApplicationShutdownHook] o.s.m.s.b.SimpleBrokerMessageHandler     : Stopping...
2025-01-11T08:06:53.493Z  INFO 1728 --- [toms] [SpringApplicationShutdownHook] o.s.m.s.b.SimpleBrokerMessageHandler     : BrokerAvailabilityEvent[available=false, SimpleBrokerMessageHandler [org.springframework.messaging.simp.broker.DefaultSubscriptionRegistry@6434827e]]
2025-01-11T08:06:53.494Z DEBUG 1728 --- [toms] [SpringApplicationShutdownHook] org.springframework.web.SimpLogging      : clientInboundChannel removed SimpleBrokerMessageHandler [org.springframework.messaging.simp.broker.DefaultSubscriptionRegistry@6434827e]
2025-01-11T08:06:53.494Z DEBUG 1728 --- [toms] [SpringApplicationShutdownHook] org.springframework.web.SimpLogging      : brokerChannel removed SimpleBrokerMessageHandler [org.springframework.messaging.simp.broker.DefaultSubscriptionRegistry@6434827e]
2025-01-11T08:06:53.495Z  INFO 1728 --- [toms] [SpringApplicationShutdownHook] o.s.m.s.b.SimpleBrokerMessageHandler     : Stopped.
2025-01-11T08:06:53.495Z DEBUG 1728 --- [toms] [SpringApplicationShutdownHook] org.springframework.web.SimpLogging      : clientInboundChannel removed UserDestinationMessageHandler[DefaultUserDestinationResolver[prefix=/user/]]
2025-01-11T08:06:53.496Z DEBUG 1728 --- [toms] [SpringApplicationShutdownHook] org.springframework.web.SimpLogging      : brokerChannel removed UserDestinationMessageHandler[DefaultUserDestinationResolver[prefix=/user/]]
2025-01-11T08:06:53.520Z  INFO 1728 --- [toms] [SpringApplicationShutdownHook] o.a.k.clients.producer.KafkaProducer     : [Producer clientId=toms-producer-1] Closing the Kafka producer with timeoutMillis = 30000 ms.
2025-01-11T08:06:53.525Z  INFO 1728 --- [toms] [SpringApplicationShutdownHook] o.apache.kafka.common.metrics.Metrics    : Metrics scheduler closed
2025-01-11T08:06:53.526Z  INFO 1728 --- [toms] [SpringApplicationShutdownHook] o.apache.kafka.common.metrics.Metrics    : Closing reporter org.apache.kafka.common.metrics.JmxReporter
2025-01-11T08:06:53.527Z  INFO 1728 --- [toms] [SpringApplicationShutdownHook] o.apache.kafka.common.metrics.Metrics    : Closing reporter org.apache.kafka.common.telemetry.internals.ClientTelemetryReporter
2025-01-11T08:06:53.527Z  INFO 1728 --- [toms] [SpringApplicationShutdownHook] o.apache.kafka.common.metrics.Metrics    : Metrics reporters closed
2025-01-11T08:06:53.528Z  INFO 1728 --- [toms] [SpringApplicationShutdownHook] o.a.kafka.common.utils.AppInfoParser     : App info kafka.producer for toms-producer-1 unregistered
2025-01-11T08:06:53.545Z  INFO 1728 --- [toms] [SpringApplicationShutdownHook] j.LocalContainerEntityManagerFactoryBean : Closing JPA EntityManagerFactory for persistence unit 'default'
2025-01-11T08:06:53.549Z  INFO 1728 --- [toms] [SpringApplicationShutdownHook] com.zaxxer.hikari.HikariDataSource       : HikariPool-1 - Shutdown initiated...
2025-01-11T08:06:53.565Z  INFO 1728 --- [toms] [SpringApplicationShutdownHook] com.zaxxer.hikari.HikariDataSource       : HikariPool-1 - Shutdown completed.
